3/7/2019 5:45:45 PM
 
Log
collided with Cube (7) (UnityEngine.GameObject)
UnityEngine.Debug:Log(Object)
EnemyAgent:OnTriggerEnter(Collider) (at Assets/Core/Scripts/ml-agents/EnemyAgent.cs:163)

Log
collided with Cube (7) (UnityEngine.GameObject)
UnityEngine.Debug:Log(Object)
EnemyAgent:OnTriggerEnter(Collider) (at Assets/Core/Scripts/ml-agents/EnemyAgent.cs:163)

Log
collided with Cube (7) (UnityEngine.GameObject)
UnityEngine.Debug:Log(Object)
EnemyAgent:OnTriggerEnter(Collider) (at Assets/Core/Scripts/ml-agents/EnemyAgent.cs:163)

Log
collided with Cube (7) (UnityEngine.GameObject)
UnityEngine.Debug:Log(Object)
EnemyAgent:OnTriggerEnter(Collider) (at Assets/Core/Scripts/ml-agents/EnemyAgent.cs:163)

Log
collided with Cube (7) (UnityEngine.GameObject)
UnityEngine.Debug:Log(Object)
EnemyAgent:OnTriggerEnter(Collider) (at Assets/Core/Scripts/ml-agents/EnemyAgent.cs:163)

Log
collided with Cube (7) (UnityEngine.GameObject)
UnityEngine.Debug:Log(Object)
EnemyAgent:OnTriggerEnter(Collider) (at Assets/Core/Scripts/ml-agents/EnemyAgent.cs:163)

Log
collided with Cube (7) (UnityEngine.GameObject)
UnityEngine.Debug:Log(Object)
EnemyAgent:OnTriggerEnter(Collider) (at Assets/Core/Scripts/ml-agents/EnemyAgent.cs:163)

Log
collided with Cube (7) (UnityEngine.GameObject)
UnityEngine.Debug:Log(Object)
EnemyAgent:OnTriggerEnter(Collider) (at Assets/Core/Scripts/ml-agents/EnemyAgent.cs:163)

Log
collided with Cube (7) (UnityEngine.GameObject)
UnityEngine.Debug:Log(Object)
EnemyAgent:OnTriggerEnter(Collider) (at Assets/Core/Scripts/ml-agents/EnemyAgent.cs:163)

Log
collided with Cube (7) (UnityEngine.GameObject)
UnityEngine.Debug:Log(Object)
EnemyAgent:OnTriggerEnter(Collider) (at Assets/Core/Scripts/ml-agents/EnemyAgent.cs:163)

Log
collided with Cube (7) (UnityEngine.GameObject)
UnityEngine.Debug:Log(Object)
EnemyAgent:OnTriggerEnter(Collider) (at Assets/Core/Scripts/ml-agents/EnemyAgent.cs:163)

Log
collided with Cube (7) (UnityEngine.GameObject)
UnityEngine.Debug:Log(Object)
EnemyAgent:OnTriggerEnter(Collider) (at Assets/Core/Scripts/ml-agents/EnemyAgent.cs:163)

Log
collided with Cube (8) (UnityEngine.GameObject)
UnityEngine.Debug:Log(Object)
EnemyAgent:OnTriggerEnter(Collider) (at Assets/Core/Scripts/ml-agents/EnemyAgent.cs:163)

Log
collided with Cube (8) (UnityEngine.GameObject)
UnityEngine.Debug:Log(Object)
EnemyAgent:OnTriggerEnter(Collider) (at Assets/Core/Scripts/ml-agents/EnemyAgent.cs:163)

Log
collided with Cube (7) (UnityEngine.GameObject)
UnityEngine.Debug:Log(Object)
EnemyAgent:OnTriggerEnter(Collider) (at Assets/Core/Scripts/ml-agents/EnemyAgent.cs:163)

Log
collided with Cube (8) (UnityEngine.GameObject)
UnityEngine.Debug:Log(Object)
EnemyAgent:OnTriggerEnter(Collider) (at Assets/Core/Scripts/ml-agents/EnemyAgent.cs:163)

Log
collided with Cube (8) (UnityEngine.GameObject)
UnityEngine.Debug:Log(Object)
EnemyAgent:OnTriggerEnter(Collider) (at Assets/Core/Scripts/ml-agents/EnemyAgent.cs:163)

Log
collided with Cube (8) (UnityEngine.GameObject)
UnityEngine.Debug:Log(Object)
EnemyAgent:OnTriggerEnter(Collider) (at Assets/Core/Scripts/ml-agents/EnemyAgent.cs:163)

Log
collided with Cube (8) (UnityEngine.GameObject)
UnityEngine.Debug:Log(Object)
EnemyAgent:OnTriggerEnter(Collider) (at Assets/Core/Scripts/ml-agents/EnemyAgent.cs:163)

Log
collided with Cube (4) (UnityEngine.GameObject)
UnityEngine.Debug:Log(Object)
EnemyAgent:OnTriggerEnter(Collider) (at Assets/Core/Scripts/ml-agents/EnemyAgent.cs:163)

Log
collided with Cube (4) (UnityEngine.GameObject)
UnityEngine.Debug:Log(Object)
EnemyAgent:OnTriggerEnter(Collider) (at Assets/Core/Scripts/ml-agents/EnemyAgent.cs:163)

Log
collided with Cube (4) (UnityEngine.GameObject)
UnityEngine.Debug:Log(Object)
EnemyAgent:OnTriggerEnter(Collider) (at Assets/Core/Scripts/ml-agents/EnemyAgent.cs:163)

Log
collided with Cube (4) (UnityEngine.GameObject)
UnityEngine.Debug:Log(Object)
EnemyAgent:OnTriggerEnter(Collider) (at Assets/Core/Scripts/ml-agents/EnemyAgent.cs:163)

Log
collided with Cube (4) (UnityEngine.GameObject)
UnityEngine.Debug:Log(Object)
EnemyAgent:OnTriggerEnter(Collider) (at Assets/Core/Scripts/ml-agents/EnemyAgent.cs:163)

Log
collided with Cube (2) (UnityEngine.GameObject)
UnityEngine.Debug:Log(Object)
EnemyAgent:OnTriggerEnter(Collider) (at Assets/Core/Scripts/ml-agents/EnemyAgent.cs:163)

Log
collided with Cube (7) (UnityEngine.GameObject)
UnityEngine.Debug:Log(Object)
EnemyAgent:OnTriggerEnter(Collider) (at Assets/Core/Scripts/ml-agents/EnemyAgent.cs:163)

Log
collided with Cube (8) (UnityEngine.GameObject)
UnityEngine.Debug:Log(Object)
EnemyAgent:OnTriggerEnter(Collider) (at Assets/Core/Scripts/ml-agents/EnemyAgent.cs:163)

Log
collided with Cube (8) (UnityEngine.GameObject)
UnityEngine.Debug:Log(Object)
EnemyAgent:OnTriggerEnter(Collider) (at Assets/Core/Scripts/ml-agents/EnemyAgent.cs:163)

Log
collided with Cube (4) (UnityEngine.GameObject)
UnityEngine.Debug:Log(Object)
EnemyAgent:OnTriggerEnter(Collider) (at Assets/Core/Scripts/ml-agents/EnemyAgent.cs:163)

Log
collided with Cube (4) (UnityEngine.GameObject)
UnityEngine.Debug:Log(Object)
EnemyAgent:OnTriggerEnter(Collider) (at Assets/Core/Scripts/ml-agents/EnemyAgent.cs:163)

Log
collided with Cube (4) (UnityEngine.GameObject)
UnityEngine.Debug:Log(Object)
EnemyAgent:OnTriggerEnter(Collider) (at Assets/Core/Scripts/ml-agents/EnemyAgent.cs:163)

Log
collided with Cube (8) (UnityEngine.GameObject)
UnityEngine.Debug:Log(Object)
EnemyAgent:OnTriggerEnter(Collider) (at Assets/Core/Scripts/ml-agents/EnemyAgent.cs:163)

Log
collided with Cube (8) (UnityEngine.GameObject)
UnityEngine.Debug:Log(Object)
EnemyAgent:OnTriggerEnter(Collider) (at Assets/Core/Scripts/ml-agents/EnemyAgent.cs:163)

Log
collided with Cube (4) (UnityEngine.GameObject)
UnityEngine.Debug:Log(Object)
EnemyAgent:OnTriggerEnter(Collider) (at Assets/Core/Scripts/ml-agents/EnemyAgent.cs:163)

Log
collided with Cube (4) (UnityEngine.GameObject)
UnityEngine.Debug:Log(Object)
EnemyAgent:OnTriggerEnter(Collider) (at Assets/Core/Scripts/ml-agents/EnemyAgent.cs:163)

Log
collided with Cube (4) (UnityEngine.GameObject)
UnityEngine.Debug:Log(Object)
EnemyAgent:OnTriggerEnter(Collider) (at Assets/Core/Scripts/ml-agents/EnemyAgent.cs:163)

Log
collided with Cube (4) (UnityEngine.GameObject)
UnityEngine.Debug:Log(Object)
EnemyAgent:OnTriggerEnter(Collider) (at Assets/Core/Scripts/ml-agents/EnemyAgent.cs:163)

Log
collided with Cube (4) (UnityEngine.GameObject)
UnityEngine.Debug:Log(Object)
EnemyAgent:OnTriggerEnter(Collider) (at Assets/Core/Scripts/ml-agents/EnemyAgent.cs:163)

Log
collided with Cube (4) (UnityEngine.GameObject)
UnityEngine.Debug:Log(Object)
EnemyAgent:OnTriggerEnter(Collider) (at Assets/Core/Scripts/ml-agents/EnemyAgent.cs:163)

Log
collided with Cube (4) (UnityEngine.GameObject)
UnityEngine.Debug:Log(Object)
EnemyAgent:OnTriggerEnter(Collider) (at Assets/Core/Scripts/ml-agents/EnemyAgent.cs:163)

Log
collided with Cube (8) (UnityEngine.GameObject)
UnityEngine.Debug:Log(Object)
EnemyAgent:OnTriggerEnter(Collider) (at Assets/Core/Scripts/ml-agents/EnemyAgent.cs:163)

Log
collided with Cube (2) (UnityEngine.GameObject)
UnityEngine.Debug:Log(Object)
EnemyAgent:OnTriggerEnter(Collider) (at Assets/Core/Scripts/ml-agents/EnemyAgent.cs:163)

Log
collided with Cube (8) (UnityEngine.GameObject)
UnityEngine.Debug:Log(Object)
EnemyAgent:OnTriggerEnter(Collider) (at Assets/Core/Scripts/ml-agents/EnemyAgent.cs:163)

Log
collided with Cube (8) (UnityEngine.GameObject)
UnityEngine.Debug:Log(Object)
EnemyAgent:OnTriggerEnter(Collider) (at Assets/Core/Scripts/ml-agents/EnemyAgent.cs:163)

Log
collided with Cube (8) (UnityEngine.GameObject)
UnityEngine.Debug:Log(Object)
EnemyAgent:OnTriggerEnter(Collider) (at Assets/Core/Scripts/ml-agents/EnemyAgent.cs:163)

